Determining if the function sgemm_ exists failed with the following output:
Change Dir: /home/kaywu/Dropbox/Cytnx/cmake/CMakeFiles/CMakeTmp

Run Build Command(s):/usr/bin/make cmTC_fd224/fast 
/usr/bin/make -f CMakeFiles/cmTC_fd224.dir/build.make CMakeFiles/cmTC_fd224.dir/build
make[1]: Entering directory '/home/kaywu/Dropbox/Cytnx/cmake/CMakeFiles/CMakeTmp'
Building C object CMakeFiles/cmTC_fd224.dir/CheckFunctionExists.c.o
/usr/bin/cc   -DCHECK_FUNCTION_EXISTS=sgemm_ -fPIE   -o CMakeFiles/cmTC_fd224.dir/CheckFunctionExists.c.o   -c /home/kaywu/.pyenv/versions/anaconda3-5.3.1/share/cmake-3.14/Modules/CheckFunctionExists.c
Linking C executable cmTC_fd224
/home/kaywu/.pyenv/versions/anaconda3-5.3.1/bin/cmake -E cmake_link_script CMakeFiles/cmTC_fd224.dir/link.txt --verbose=1
/usr/bin/cc  -DCHECK_FUNCTION_EXISTS=sgemm_    CMakeFiles/cmTC_fd224.dir/CheckFunctionExists.c.o  -o cmTC_fd224 
CMakeFiles/cmTC_fd224.dir/CheckFunctionExists.c.o: In function `main':
CheckFunctionExists.c:(.text+0x10): undefined reference to `sgemm_'
collect2: error: ld returned 1 exit status
CMakeFiles/cmTC_fd224.dir/build.make:86: recipe for target 'cmTC_fd224' failed
make[1]: *** [cmTC_fd224] Error 1
make[1]: Leaving directory '/home/kaywu/Dropbox/Cytnx/cmake/CMakeFiles/CMakeTmp'
Makefile:121: recipe for target 'cmTC_fd224/fast' failed
make: *** [cmTC_fd224/fast] Error 2


Determining if the pthread_create exist failed with the following output:
Change Dir: /home/kaywu/Dropbox/Cytnx/cmake/CMakeFiles/CMakeTmp

Run Build Command(s):/usr/bin/make cmTC_1a24f/fast 
/usr/bin/make -f CMakeFiles/cmTC_1a24f.dir/build.make CMakeFiles/cmTC_1a24f.dir/build
make[1]: Entering directory '/home/kaywu/Dropbox/Cytnx/cmake/CMakeFiles/CMakeTmp'
Building C object CMakeFiles/cmTC_1a24f.dir/CheckSymbolExists.c.o
/usr/bin/cc   -fPIE   -o CMakeFiles/cmTC_1a24f.dir/CheckSymbolExists.c.o   -c /home/kaywu/Dropbox/Cytnx/cmake/CMakeFiles/CMakeTmp/CheckSymbolExists.c
Linking C executable cmTC_1a24f
/home/kaywu/.pyenv/versions/anaconda3-5.3.1/bin/cmake -E cmake_link_script CMakeFiles/cmTC_1a24f.dir/link.txt --verbose=1
/usr/bin/cc      CMakeFiles/cmTC_1a24f.dir/CheckSymbolExists.c.o  -o cmTC_1a24f 
CMakeFiles/cmTC_1a24f.dir/CheckSymbolExists.c.o: In function `main':
CheckSymbolExists.c:(.text+0x1b): undefined reference to `pthread_create'
collect2: error: ld returned 1 exit status
CMakeFiles/cmTC_1a24f.dir/build.make:86: recipe for target 'cmTC_1a24f' failed
make[1]: *** [cmTC_1a24f] Error 1
make[1]: Leaving directory '/home/kaywu/Dropbox/Cytnx/cmake/CMakeFiles/CMakeTmp'
Makefile:121: recipe for target 'cmTC_1a24f/fast' failed
make: *** [cmTC_1a24f/fast] Error 2

File /home/kaywu/Dropbox/Cytnx/cmake/CMakeFiles/CMakeTmp/CheckSymbolExists.c:
/* */
#include <pthread.h>

int main(int argc, char** argv)
{
  (void)argv;
#ifndef pthread_create
  return ((int*)(&pthread_create))[argc];
#else
  (void)argc;
  return 0;
#endif
}

Determining if the function pthread_create exists in the pthreads failed with the following output:
Change Dir: /home/kaywu/Dropbox/Cytnx/cmake/CMakeFiles/CMakeTmp

Run Build Command(s):/usr/bin/make cmTC_15337/fast 
/usr/bin/make -f CMakeFiles/cmTC_15337.dir/build.make CMakeFiles/cmTC_15337.dir/build
make[1]: Entering directory '/home/kaywu/Dropbox/Cytnx/cmake/CMakeFiles/CMakeTmp'
Building C object CMakeFiles/cmTC_15337.dir/CheckFunctionExists.c.o
/usr/bin/cc   -DCHECK_FUNCTION_EXISTS=pthread_create -fPIE   -o CMakeFiles/cmTC_15337.dir/CheckFunctionExists.c.o   -c /home/kaywu/.pyenv/versions/anaconda3-5.3.1/share/cmake-3.14/Modules/CheckFunctionExists.c
Linking C executable cmTC_15337
/home/kaywu/.pyenv/versions/anaconda3-5.3.1/bin/cmake -E cmake_link_script CMakeFiles/cmTC_15337.dir/link.txt --verbose=1
/usr/bin/cc  -DCHECK_FUNCTION_EXISTS=pthread_create    CMakeFiles/cmTC_15337.dir/CheckFunctionExists.c.o  -o cmTC_15337 -lpthreads 
/usr/bin/ld: cannot find -lpthreads
collect2: error: ld returned 1 exit status
CMakeFiles/cmTC_15337.dir/build.make:86: recipe for target 'cmTC_15337' failed
make[1]: *** [cmTC_15337] Error 1
make[1]: Leaving directory '/home/kaywu/Dropbox/Cytnx/cmake/CMakeFiles/CMakeTmp'
Makefile:121: recipe for target 'cmTC_15337/fast' failed
make: *** [cmTC_15337/fast] Error 2


